time="2022-09-20T20:12:23+03:00" level=info msg="create router" func="main.main()" file="Day-01-RestAPI.go:49"
time="2022-09-20T20:12:23+03:00" level=info msg="read application configuration" func="RestAPI/internal/config.GetConfig.func1()" file="config.go:33"
time="2022-09-20T20:12:23+03:00" level=info func="RestAPI/internal/config.GetConfig.func1()" file="config.go:37"
time="2022-09-20T20:12:23+03:00" level=fatal msg="open config.yml: The system cannot find the file specified." func="RestAPI/internal/config.GetConfig.func1()" file="config.go:38"
time="2022-09-20T20:17:12+03:00" level=info msg="create router" func="main.main()" file="Day-01-RestAPI.go:49"
time="2022-09-20T20:17:37+03:00" level=info msg="read application configuration" func="RestAPI/internal/config.GetConfig.func1()" file="config.go:33"
time="2022-09-20T20:50:14+03:00" level=info msg="create router" func="main.main()" file="Day-01-RestAPI.go:49"
time="2022-09-20T20:50:14+03:00" level=info msg="read application configuration" func="RestAPI/internal/config.GetConfig.func1()" file="config.go:33"
time="2022-09-20T20:50:14+03:00" level=info msg="generating data for an application" func="main.main()" file="Day-01-RestAPI.go:54"
time="2022-09-20T20:50:14+03:00" level=info msg="register user handler" func="main.main()" file="Day-01-RestAPI.go:58"
time="2022-09-20T20:50:14+03:00" level=info msg="start application" func="main.start()" file="Day-01-RestAPI.go:70"
time="2022-09-20T20:50:14+03:00" level=info msg="listen tcp" func="main.start()" file="Day-01-RestAPI.go:93"
time="2022-09-20T20:50:14+03:00" level=info msg="server is listening port 0.0.0.0:8080" func="main.start()" file="Day-01-RestAPI.go:96"
time="2022-09-20T21:35:18+03:00" level=info msg="create router" func="main.main()" file="Day-01-RestAPI.go:49"
time="2022-09-20T21:35:18+03:00" level=info msg="read application configuration" func="RestAPI/internal/config.GetConfig.func1()" file="config.go:33"
time="2022-09-20T21:35:18+03:00" level=info msg="generating data for an application" func="main.main()" file="Day-01-RestAPI.go:54"
time="2022-09-20T21:35:18+03:00" level=info msg="register user handler" func="main.main()" file="Day-01-RestAPI.go:58"
time="2022-09-20T21:35:18+03:00" level=info msg="start application" func="main.start()" file="Day-01-RestAPI.go:70"
time="2022-09-20T21:35:18+03:00" level=info msg="listen tcp" func="main.start()" file="Day-01-RestAPI.go:93"
time="2022-09-20T21:35:18+03:00" level=info msg="server is listening port 0.0.0.0:8080" func="main.start()" file="Day-01-RestAPI.go:96"
time="2022-09-20T22:34:18+03:00" level=info msg="create router" func="main.main()" file="Day-01-RestAPI.go:49"
time="2022-09-20T22:34:18+03:00" level=info msg="read application configuration" func="RestAPI/internal/config.GetConfig.func1()" file="config.go:33"
time="2022-09-20T22:34:18+03:00" level=info msg="generating data for an application" func="main.main()" file="Day-01-RestAPI.go:54"
time="2022-09-20T22:34:18+03:00" level=info msg="register user handler" func="main.main()" file="Day-01-RestAPI.go:58"
time="2022-09-20T22:34:18+03:00" level=info msg="start application" func="main.start()" file="Day-01-RestAPI.go:70"
time="2022-09-20T22:34:18+03:00" level=info msg="listen tcp" func="main.start()" file="Day-01-RestAPI.go:93"
time="2022-09-20T22:34:18+03:00" level=info msg="server is listening port 0.0.0.0:8080" func="main.start()" file="Day-01-RestAPI.go:96"
time="2022-09-20T22:55:05+03:00" level=info msg="create router" func="main.main()" file="Day-01-RestAPI.go:49"
time="2022-09-20T22:55:05+03:00" level=info msg="read application configuration" func="RestAPI/internal/config.GetConfig.func1()" file="config.go:33"
time="2022-09-20T22:55:05+03:00" level=info msg="generating data for an application" func="main.main()" file="Day-01-RestAPI.go:54"
time="2022-09-20T22:55:05+03:00" level=info msg="register user handler" func="main.main()" file="Day-01-RestAPI.go:58"
time="2022-09-20T22:55:05+03:00" level=info msg="start application" func="main.start()" file="Day-01-RestAPI.go:70"
time="2022-09-20T22:55:05+03:00" level=info msg="listen tcp" func="main.start()" file="Day-01-RestAPI.go:93"
time="2022-09-20T22:55:05+03:00" level=info msg="server is listening port 0.0.0.0:8080" func="main.start()" file="Day-01-RestAPI.go:96"
time="2022-09-20T23:01:59+03:00" level=info msg="create router" func="main.main()" file="Day-01-RestAPI.go:49"
time="2022-09-20T23:01:59+03:00" level=info msg="read application configuration" func="RestAPI/internal/config.GetConfig.func1()" file="config.go:33"
time="2022-09-20T23:01:59+03:00" level=info msg="generating data for an application" func="main.main()" file="Day-01-RestAPI.go:54"
time="2022-09-20T23:01:59+03:00" level=info msg="register user handler" func="main.main()" file="Day-01-RestAPI.go:58"
time="2022-09-20T23:01:59+03:00" level=info msg="start application" func="main.start()" file="Day-01-RestAPI.go:70"
time="2022-09-20T23:01:59+03:00" level=info msg="listen tcp" func="main.start()" file="Day-01-RestAPI.go:93"
time="2022-09-20T23:01:59+03:00" level=info msg="server is listening port 0.0.0.0:8080" func="main.start()" file="Day-01-RestAPI.go:96"
time="2022-09-20T23:09:36+03:00" level=info msg="create router" func="main.main()" file="Day-01-RestAPI.go:49"
time="2022-09-20T23:09:36+03:00" level=info msg="read application configuration" func="RestAPI/internal/config.GetConfig.func1()" file="config.go:33"
time="2022-09-20T23:09:36+03:00" level=info msg="generating data for an application" func="main.main()" file="Day-01-RestAPI.go:54"
time="2022-09-20T23:09:36+03:00" level=info msg="register user handler" func="main.main()" file="Day-01-RestAPI.go:58"
time="2022-09-20T23:09:36+03:00" level=info msg="start application" func="main.start()" file="Day-01-RestAPI.go:70"
time="2022-09-20T23:09:36+03:00" level=info msg="listen tcp" func="main.start()" file="Day-01-RestAPI.go:93"
time="2022-09-20T23:09:36+03:00" level=info msg="server is listening port 0.0.0.0:8080" func="main.start()" file="Day-01-RestAPI.go:96"
time="2022-09-20T23:18:12+03:00" level=info msg="create router" func="main.main()" file="Day-01-RestAPI.go:49"
time="2022-09-20T23:18:12+03:00" level=info msg="read application configuration" func="RestAPI/internal/config.GetConfig.func1()" file="config.go:33"
time="2022-09-20T23:18:12+03:00" level=info msg="generating data for an application" func="main.main()" file="Day-01-RestAPI.go:54"
time="2022-09-20T23:18:12+03:00" level=info msg="register user handler" func="main.main()" file="Day-01-RestAPI.go:58"
time="2022-09-20T23:18:12+03:00" level=info msg="start application" func="main.start()" file="Day-01-RestAPI.go:70"
time="2022-09-20T23:18:12+03:00" level=info msg="listen tcp" func="main.start()" file="Day-01-RestAPI.go:93"
time="2022-09-20T23:18:12+03:00" level=info msg="server is listening port 0.0.0.0:8080" func="main.start()" file="Day-01-RestAPI.go:96"
time="2022-09-20T23:18:25+03:00" level=debug msg="JSON data transmitted" func="RestAPI/internal/user.(*handler).GetIndex()" file="handler.go:52"
time="2022-09-20T23:18:34+03:00" level=debug msg="JSON data transmitted" func="RestAPI/internal/user.(*handler).GetIndex()" file="handler.go:52"
time="2022-09-20T23:20:07+03:00" level=debug msg="JSON data transmitted" func="RestAPI/internal/user.(*handler).GetIndex()" file="handler.go:52"
time="2022-09-20T23:20:13+03:00" level=debug msg="data was successfully updated" func="RestAPI/internal/user.(*handler).SetValues()" file="handler.go:101"
time="2022-09-20T23:20:20+03:00" level=debug msg="JSON data transmitted" func="RestAPI/internal/user.(*handler).GetIndex()" file="handler.go:52"
time="2022-09-20T23:20:25+03:00" level=debug msg="JSON data transmitted" func="RestAPI/internal/user.(*handler).GetIndex()" file="handler.go:52"
time="2022-09-20T23:32:48+03:00" level=info msg="read application configuration" func="RestAPI/internal/config.GetConfig.func1()" file="config.go:33"
time="2022-09-20T23:33:04+03:00" level=info msg="create router" func="main.main()" file="Day-01-RestAPI.go:49"
time="2022-09-20T23:33:04+03:00" level=info msg="read application configuration" func="RestAPI/internal/config.GetConfig.func1()" file="config.go:33"
time="2022-09-20T23:33:04+03:00" level=info msg="generating data for an application" func="main.main()" file="Day-01-RestAPI.go:54"
time="2022-09-20T23:33:04+03:00" level=info msg="register user handler" func="main.main()" file="Day-01-RestAPI.go:58"
time="2022-09-20T23:33:04+03:00" level=info msg="start application" func="main.start()" file="Day-01-RestAPI.go:70"
time="2022-09-20T23:33:04+03:00" level=info msg="listen tcp" func="main.start()" file="Day-01-RestAPI.go:93"
time="2022-09-20T23:33:04+03:00" level=info msg="server is listening port 0.0.0.0:8080" func="main.start()" file="Day-01-RestAPI.go:96"
time="2022-09-20T23:33:17+03:00" level=info msg="read application configuration" func="RestAPI/internal/config.GetConfig.func1()" file="config.go:33"
time="2022-09-20T23:34:22+03:00" level=info msg="create router" func="main.main()" file="Day-01-RestAPI.go:49"
time="2022-09-20T23:34:22+03:00" level=info msg="read application configuration" func="RestAPI/internal/config.GetConfig.func1()" file="config.go:33"
time="2022-09-20T23:34:22+03:00" level=info msg="generating data for an application" func="main.main()" file="Day-01-RestAPI.go:54"
time="2022-09-20T23:34:22+03:00" level=info msg="register user handler" func="main.main()" file="Day-01-RestAPI.go:58"
time="2022-09-20T23:34:22+03:00" level=info msg="start application" func="main.start()" file="Day-01-RestAPI.go:70"
time="2022-09-20T23:34:22+03:00" level=info msg="listen tcp" func="main.start()" file="Day-01-RestAPI.go:93"
time="2022-09-20T23:34:22+03:00" level=info msg="server is listening port 127.0.0.1:8080" func="main.start()" file="Day-01-RestAPI.go:96"
time="2022-09-20T23:34:39+03:00" level=info msg="read application configuration" func="RestAPI/internal/config.GetConfig.func1()" file="config.go:33"
time="2022-09-20T23:35:14+03:00" level=info msg="create router" func="main.main()" file="Day-01-RestAPI.go:49"
time="2022-09-20T23:35:14+03:00" level=info msg="read application configuration" func="RestAPI/internal/config.GetConfig.func1()" file="config.go:33"
time="2022-09-20T23:35:14+03:00" level=info msg="generating data for an application" func="main.main()" file="Day-01-RestAPI.go:54"
time="2022-09-20T23:35:14+03:00" level=info msg="register user handler" func="main.main()" file="Day-01-RestAPI.go:58"
time="2022-09-20T23:35:14+03:00" level=info msg="start application" func="main.start()" file="Day-01-RestAPI.go:70"
time="2022-09-20T23:35:14+03:00" level=info msg="listen tcp" func="main.start()" file="Day-01-RestAPI.go:93"
time="2022-09-20T23:35:14+03:00" level=info msg="server is listening port 127.0.0.1:8080" func="main.start()" file="Day-01-RestAPI.go:96"
time="2022-09-20T23:35:27+03:00" level=info msg="read application configuration" func="RestAPI/internal/config.GetConfig.func1()" file="config.go:33"
time="2022-09-20T23:35:27+03:00" level=debug msg="JSON data transmitted" func="RestAPI/internal/user.(*handler).GetIndex()" file="handler.go:52"
time="2022-11-12T20:41:32+03:00" level=info msg="create router" func="main.main()" file="app.go:31"
time="2022-11-12T20:41:32+03:00" level=info msg="read application configuration" func="RestAPI/internal/config.GetConfig.func1()" file="config.go:33"
time="2022-11-12T20:41:32+03:00" level=info msg="generating data for an application" func="main.main()" file="app.go:36"
time="2022-11-12T20:41:32+03:00" level=info msg="register user handler" func="main.main()" file="app.go:40"
time="2022-11-12T20:41:32+03:00" level=info msg="start application" func="main.start()" file="app.go:52"
time="2022-11-12T20:41:32+03:00" level=info msg="listen tcp" func="main.start()" file="app.go:75"
time="2022-11-12T20:41:32+03:00" level=info msg="server is listening port 127.0.0.1:8080" func="main.start()" file="app.go:78"
time="2022-11-12T20:45:32+03:00" level=info msg="create router" func="main.main()" file="app.go:31"
time="2022-11-12T20:45:32+03:00" level=info msg="read application configuration" func="RestAPI/internal/config.GetConfig.func1()" file="config.go:33"
time="2022-11-12T20:45:32+03:00" level=info msg="generating data for an application" func="main.main()" file="app.go:36"
time="2022-11-12T20:45:32+03:00" level=info msg="register user handler" func="main.main()" file="app.go:40"
time="2022-11-12T20:45:32+03:00" level=info msg="start application" func="main.start()" file="app.go:52"
time="2022-11-12T20:45:32+03:00" level=info msg="listen tcp" func="main.start()" file="app.go:75"
time="2022-11-12T20:45:32+03:00" level=info msg="server is listening port 127.0.0.1:8080" func="main.start()" file="app.go:78"
time="2022-11-12T20:56:27+03:00" level=info msg="create router" func="main.main()" file="app.go:31"
time="2022-11-12T20:56:27+03:00" level=info msg="read application configuration" func="RestAPI/internal/config.GetConfig.func1()" file="config.go:33"
time="2022-11-12T20:56:27+03:00" level=info msg="generating data for an application" func="main.main()" file="app.go:36"
time="2022-11-12T20:56:27+03:00" level=info msg="register user handler" func="main.main()" file="app.go:40"
time="2022-11-12T20:56:27+03:00" level=info msg="start application" func="main.start()" file="app.go:52"
time="2022-11-12T20:56:27+03:00" level=info msg="listen tcp" func="main.start()" file="app.go:75"
time="2022-11-12T20:56:27+03:00" level=info msg="server is listening port 127.0.0.1:8080" func="main.start()" file="app.go:78"
time="2022-11-12T21:01:32+03:00" level=info msg="create router" func="main.main()" file="app.go:31"
time="2022-11-12T21:01:32+03:00" level=info msg="read application configuration" func="RestAPI/internal/config.GetConfig.func1()" file="config.go:33"
time="2022-11-12T21:01:32+03:00" level=info msg="generating data for an application" func="main.main()" file="app.go:36"
time="2022-11-12T21:01:32+03:00" level=info msg="register user handler" func="main.main()" file="app.go:40"
time="2022-11-12T21:01:32+03:00" level=info msg="start application" func="main.start()" file="app.go:52"
time="2022-11-12T21:01:32+03:00" level=info msg="listen tcp" func="main.start()" file="app.go:75"
time="2022-11-12T21:01:32+03:00" level=info msg="server is listening port 127.0.0.1:8080" func="main.start()" file="app.go:78"
time="2022-11-12T21:02:50+03:00" level=info msg="create router" func="main.main()" file="app.go:31"
time="2022-11-12T21:02:50+03:00" level=info msg="read application configuration" func="RestAPI/internal/config.GetConfig.func1()" file="config.go:33"
time="2022-11-12T21:02:50+03:00" level=info msg="generating data for an application" func="main.main()" file="app.go:36"
time="2022-11-12T21:02:50+03:00" level=info msg="register user handler" func="main.main()" file="app.go:40"
time="2022-11-12T21:02:50+03:00" level=info msg="start application" func="main.start()" file="app.go:52"
time="2022-11-12T21:02:50+03:00" level=info msg="listen tcp" func="main.start()" file="app.go:75"
time="2022-11-12T21:02:50+03:00" level=info msg="server is listening port 127.0.0.1:8080" func="main.start()" file="app.go:78"
time="2022-11-12T21:05:19+03:00" level=info msg="create router" func="main.main()" file="app.go:31"
time="2022-11-12T21:05:19+03:00" level=info msg="read application configuration" func="RestAPI/internal/config.GetConfig.func1()" file="config.go:33"
time="2022-11-12T21:05:19+03:00" level=info msg="generating data for an application" func="main.main()" file="app.go:36"
time="2022-11-12T21:05:19+03:00" level=info msg="register user handler" func="main.main()" file="app.go:40"
time="2022-11-12T21:05:19+03:00" level=info msg="start application" func="main.start()" file="app.go:52"
time="2022-11-12T21:05:19+03:00" level=info msg="listen tcp" func="main.start()" file="app.go:75"
time="2022-11-12T21:05:19+03:00" level=info msg="server is listening port 127.0.0.1:8080" func="main.start()" file="app.go:78"
time="2022-11-12T21:32:55+03:00" level=info msg="create router" func="main.main()" file="app.go:31"
time="2022-11-12T21:32:55+03:00" level=info msg="read application configuration" func="RestAPI/internal/config.GetConfig.func1()" file="config.go:33"
time="2022-11-12T21:32:55+03:00" level=info msg="generating data for an application" func="main.main()" file="app.go:36"
time="2022-11-12T21:32:55+03:00" level=info msg="register user handler" func="main.main()" file="app.go:40"
time="2022-11-12T21:32:55+03:00" level=info msg="start application" func="main.start()" file="app.go:52"
time="2022-11-12T21:32:55+03:00" level=info msg="listen tcp" func="main.start()" file="app.go:75"
time="2022-11-12T21:32:55+03:00" level=info msg="server is listening port 127.0.0.1:8080" func="main.start()" file="app.go:78"
time="2022-11-12T21:36:34+03:00" level=info msg="create router" func="main.main()" file="app.go:31"
time="2022-11-12T21:36:34+03:00" level=info msg="read application configuration" func="RestAPI/internal/config.GetConfig.func1()" file="config.go:33"
time="2022-11-12T21:36:34+03:00" level=info msg="generating data for an application" func="main.main()" file="app.go:36"
time="2022-11-12T21:36:34+03:00" level=info msg="register user handler" func="main.main()" file="app.go:40"
time="2022-11-12T21:36:34+03:00" level=info msg="start application" func="main.start()" file="app.go:52"
time="2022-11-12T21:36:34+03:00" level=info msg="listen tcp" func="main.start()" file="app.go:75"
time="2022-11-12T21:36:34+03:00" level=info msg="server is listening port 127.0.0.1:8080" func="main.start()" file="app.go:78"
time="2022-11-12T21:42:41+03:00" level=info msg="create router" func="main.main()" file="app.go:31"
time="2022-11-12T21:42:41+03:00" level=info msg="read application configuration" func="RestAPI/internal/config.GetConfig.func1()" file="config.go:33"
time="2022-11-12T21:42:41+03:00" level=info msg="generating data for an application" func="main.main()" file="app.go:36"
time="2022-11-12T21:42:41+03:00" level=info msg="register user handler" func="main.main()" file="app.go:40"
time="2022-11-12T21:42:41+03:00" level=info msg="start application" func="main.start()" file="app.go:52"
time="2022-11-12T21:42:41+03:00" level=info msg="listen tcp" func="main.start()" file="app.go:75"
time="2022-11-12T21:42:41+03:00" level=info msg="server is listening port 127.0.0.1:8080" func="main.start()" file="app.go:78"
time="2022-11-12T21:55:57+03:00" level=info msg="create router" func="main.main()" file="app.go:31"
time="2022-11-12T21:55:57+03:00" level=info msg="read application configuration" func="RestAPI/internal/config.GetConfig.func1()" file="config.go:33"
time="2022-11-12T21:55:57+03:00" level=info msg="generating data for an application" func="main.main()" file="app.go:36"
time="2022-11-12T21:55:57+03:00" level=info msg="register user handler" func="main.main()" file="app.go:40"
time="2022-11-12T21:55:57+03:00" level=info msg="start application" func="main.start()" file="app.go:52"
time="2022-11-12T21:55:57+03:00" level=info msg="listen tcp" func="main.start()" file="app.go:75"
time="2022-11-12T21:55:57+03:00" level=info msg="server is listening port 127.0.0.1:8080" func="main.start()" file="app.go:78"
time="2022-11-14T04:24:37+03:00" level=info msg="create router" func="main.main()" file="app.go:34"
time="2022-11-14T04:24:37+03:00" level=info msg="read application configuration" func="RestAPI/internal/config.GetConfig.func1()" file="config.go:43"
time="2022-11-14T04:24:37+03:00" level=debug msg="create user" func="RestAPI/internal/user/db.(*db).Create()" file="mongodb.go:21"
time="2022-11-14T04:24:37+03:00" level=info msg=637198d5fa5f8f682fe4fb11 func="main.main()" file="app.go:57"
time="2022-11-14T04:24:37+03:00" level=info msg="generating data for an application" func="main.main()" file="app.go:59"
time="2022-11-14T04:24:37+03:00" level=info msg="register user handler" func="main.main()" file="app.go:63"
time="2022-11-14T04:24:37+03:00" level=info msg="start application" func="main.start()" file="app.go:75"
time="2022-11-14T04:24:37+03:00" level=info msg="listen tcp" func="main.start()" file="app.go:98"
time="2022-11-14T04:24:37+03:00" level=info msg="server is listening port 127.0.0.1:8080" func="main.start()" file="app.go:101"
time="2022-11-14T15:11:48+03:00" level=info msg="create router" func="main.main()" file="app.go:33"
time="2022-11-14T15:11:48+03:00" level=info msg="read application configuration" func="RestAPI/internal/config.GetConfig.func1()" file="config.go:43"
time="2022-11-14T15:19:53+03:00" level=info msg="create router" func="main.main()" file="app.go:33"
time="2022-11-14T15:19:53+03:00" level=info msg="read application configuration" func="RestAPI/internal/config.GetConfig.func1()" file="config.go:43"
time="2022-11-14T15:19:58+03:00" level=debug msg="create user" func="RestAPI/internal/user/db.(*db).Create()" file="mongodb.go:21"
time="2022-11-14T15:20:00+03:00" level=info msg=6372326e31202d280f731c78 func="main.main()" file="app.go:58"
time="2022-11-14T15:20:08+03:00" level=debug msg="create user" func="RestAPI/internal/user/db.(*db).Create()" file="mongodb.go:21"
time="2022-11-14T15:20:14+03:00" level=info msg=6372327831202d280f731c79 func="main.main()" file="app.go:70"
time="2022-11-14T15:20:40+03:00" level=debug msg="create user" func="RestAPI/internal/user/db.(*db).Create()" file="mongodb.go:21"
time="2022-11-14T15:20:50+03:00" level=info msg=6372329831202d280f731c7a func="main.main()" file="app.go:82"
time="2022-11-14T15:21:08+03:00" level=trace msg="Matched 1 documents and Modified 1 documents" func="RestAPI/internal/user/db.(*db).Update()" file="mongodb.go:96"
time="2022-11-14T15:26:07+03:00" level=trace msg="Deleted 1 documents" func="RestAPI/internal/user/db.(*db).Delete()" file="mongodb.go:115"
time="2022-11-14T15:27:25+03:00" level=info msg="register user handler" func="main.main()" file="app.go:111"
time="2022-11-14T15:27:25+03:00" level=info msg="start application" func="main.start()" file="app.go:123"
time="2022-11-14T15:27:25+03:00" level=info msg="listen tcp" func="main.start()" file="app.go:146"
time="2022-11-14T15:27:25+03:00" level=info msg="server is listening port 127.0.0.1:8080" func="main.start()" file="app.go:149"
